Using pre-set license
Built from '2020.2/release' branch; Version is '2020.2.2f1 (068178b99f32) revision 426360'; Using compiler version '192528614'; Build Type 'Release'
OS: 'Windows 10 Pro; OS build 19041.867; Version 2004; 64bit' Language: 'en' Physical Memory: 16291 MB
BatchMode: 1, IsHumanControllingUs: 0, StartBugReporterOnCrash: 0, Is64bit: 1, IsPro: 0

 COMMAND LINE ARGUMENTS:
E:\Workspace\Unity\2020.2.2f1\Editor\Unity.exe
-adb2
-batchMode
-noUpm
-name
AssetImportWorker0
-projectPath
E:/Workspace/Github/GAME3033-Final-Assignment/Arrowhead
-logFile
Logs/AssetImportWorker0.log
-srvPort
60715
Successfully changed project path to: E:/Workspace/Github/GAME3033-Final-Assignment/Arrowhead
E:/Workspace/Github/GAME3033-Final-Assignment/Arrowhead
Using Asset Import Pipeline V2.
Refreshing native plugins compatible for Editor in 25.72 ms, found 0 plugins.
Preloading 0 native plugins for Editor in 0.00 ms.
Initialize engine version: 2020.2.2f1 (068178b99f32)
[Subsystems] Discovering subsystems at path E:/Workspace/Unity/2020.2.2f1/Editor/Data/Resources/UnitySubsystems
[Subsystems] Discovering subsystems at path E:/Workspace/Github/GAME3033-Final-Assignment/Arrowhead/Assets
GfxDevice: creating device client; threaded=0
Direct3D:
    Version:  Direct3D 11.0 [level 11.1]
    Renderer: NVIDIA GeForce RTX 2070 SUPER (ID=0x1e84)
    Vendor:   
    VRAM:     8011 MB
    Driver:   27.21.14.6089
Initialize mono
Mono path[0] = 'E:/Workspace/Unity/2020.2.2f1/Editor/Data/Managed'
Mono path[1] = 'E:/Workspace/Unity/2020.2.2f1/Editor/Data/MonoBleedingEdge/lib/mono/unityjit'
Mono config path = 'E:/Workspace/Unity/2020.2.2f1/Editor/Data/MonoBleedingEdge/etc'
Using monoOptions --debugger-agent=transport=dt_socket,embedding=1,server=y,suspend=n,address=127.0.0.1:56336
Begin MonoManager ReloadAssembly
Registering precompiled unity dll's ...
Register platform support module: E:/Workspace/Unity/2020.2.2f1/Editor/Data/PlaybackEngines/WebGLSupport/UnityEditor.WebGL.Extensions.dll
Register platform support module: E:/Workspace/Unity/2020.2.2f1/Editor/Data/PlaybackEngines/WindowsStandaloneSupport/UnityEditor.WindowsStandalone.Extensions.dll
Registered in 0.001391 seconds.
Native extension for WindowsStandalone target not found
Native extension for WebGL target not found
Refreshing native plugins compatible for Editor in 26.30 ms, found 0 plugins.
Preloading 0 native plugins for Editor in 0.00 ms.
Invoked RoslynAnalysisRunner static constructor.
RoslynAnalysisRunner will not be running.
RoslynAnalysisRunner has terminated.
Mono: successfully reloaded assembly
- Completed reload, in  1.749 seconds
Platform modules already initialized, skipping
Registering precompiled user dll's ...
Registered in 0.000682 seconds.
Begin MonoManager ReloadAssembly
Native extension for WindowsStandalone target not found
Native extension for WebGL target not found
Refreshing native plugins compatible for Editor in 26.92 ms, found 0 plugins.
Preloading 0 native plugins for Editor in 0.00 ms.
Invoked RoslynAnalysisRunner static constructor.
RoslynAnalysisRunner will not be running.
RoslynAnalysisRunner has terminated.
Mono: successfully reloaded assembly
- Completed reload, in  0.762 seconds
Platform modules already initialized, skipping
========================================================================
Worker process is ready to serve import requests
Launched and connected shader compiler UnityShaderCompiler.exe after 0.03 seconds
Refreshing native plugins compatible for Editor in 0.27 ms, found 0 plugins.
Preloading 0 native plugins for Editor in 0.00 ms.
Unloading 1544 Unused Serialized files (Serialized files now loaded: 0)
System memory in use before: 71.7 MB.
System memory in use after: 71.8 MB.

Unloading 12 unused Assets to reduce memory usage. Loaded Objects now: 1989.
Total: 2.066800 ms (FindLiveObjects: 0.353600 ms CreateObjectMapping: 0.043600 ms MarkObjects: 1.606800 ms  DeleteObjects: 0.061700 ms)

========================================================================
Received Import Request.
  path: Assets/_Scenes
  artifactKey: Guid(770b45f5d1a9e6848b087a6e3186def2) Importer(815301076,1909f56bfc062723c751e8b465ee728b)
Start importing Assets/_Scenes using Guid(770b45f5d1a9e6848b087a6e3186def2) Importer(815301076,1909f56bfc062723c751e8b465ee728b)  -> (artifact id: '927ef58ef93e76518919137c3cd11d60') in 0.007787 seconds
  Import took 0.009892 seconds .

========================================================================
Received Import Request.
  Time since last request: 0.049391 seconds.
  path: Assets/_Scripts/CameraController.cs
  artifactKey: Guid(87965cf15de2b88409b6259de2fa2ad4) Importer(815301076,1909f56bfc062723c751e8b465ee728b)
Start importing Assets/_Scripts/CameraController.cs using Guid(87965cf15de2b88409b6259de2fa2ad4) Importer(815301076,1909f56bfc062723c751e8b465ee728b)  -> (artifact id: '895323385bfcd09b4d2771ea0e2e642d') in 0.034907 seconds
  Import took 0.037357 seconds .

========================================================================
Received Import Request.
  Time since last request: 25.526815 seconds.
  path: Assets/_Scripts/PlayerController.cs
  artifactKey: Guid(6f89d287ddf34f14fb957ed603ebc408) Importer(815301076,1909f56bfc062723c751e8b465ee728b)
Start importing Assets/_Scripts/PlayerController.cs using Guid(6f89d287ddf34f14fb957ed603ebc408) Importer(815301076,1909f56bfc062723c751e8b465ee728b)  -> (artifact id: 'cba319c2c9aa54adeed153205b4bfd5f') in 0.006999 seconds
  Import took 0.009364 seconds .

========================================================================
Received Import Request.
  Time since last request: 0.019051 seconds.
  path: Assets/_Scripts/PlayerController.cs
  artifactKey: Guid(6f89d287ddf34f14fb957ed603ebc408) Importer(815301076,1909f56bfc062723c751e8b465ee728b)
Start importing Assets/_Scripts/PlayerController.cs using Guid(6f89d287ddf34f14fb957ed603ebc408) Importer(815301076,1909f56bfc062723c751e8b465ee728b)  -> (artifact id: 'cba319c2c9aa54adeed153205b4bfd5f') in 0.002140 seconds
  Import took 0.004349 seconds .

========================================================================
Received Prepare
Registering precompiled user dll's ...
Registered in 0.000772 seconds.
Begin MonoManager ReloadAssembly
Native extension for WindowsStandalone target not found
Native extension for WebGL target not found
Refreshing native plugins compatible for Editor in 0.35 ms, found 0 plugins.
Preloading 0 native plugins for Editor in 0.00 ms.
Invoked RoslynAnalysisRunner static constructor.
RoslynAnalysisRunner will not be running.
RoslynAnalysisRunner has terminated.
Mono: successfully reloaded assembly
- Completed reload, in  0.701 seconds
Platform modules already initialized, skipping
Refreshing native plugins compatible for Editor in 0.27 ms, found 0 plugins.
Preloading 0 native plugins for Editor in 0.00 ms.
Unloading 1536 Unused Serialized files (Serialized files now loaded: 0)
System memory in use before: 71.8 MB.
System memory in use after: 71.9 MB.

Unloading 5 unused Assets to reduce memory usage. Loaded Objects now: 1991.
Total: 2.376400 ms (FindLiveObjects: 0.208000 ms CreateObjectMapping: 0.034800 ms MarkObjects: 2.108500 ms  DeleteObjects: 0.023300 ms)

========================================================================
Received Import Request.
  Time since last request: 158.783493 seconds.
  path: Assets/_Scripts/PlayerController.cs
  artifactKey: Guid(6f89d287ddf34f14fb957ed603ebc408) Importer(815301076,1909f56bfc062723c751e8b465ee728b)
Start importing Assets/_Scripts/PlayerController.cs using Guid(6f89d287ddf34f14fb957ed603ebc408) Importer(815301076,1909f56bfc062723c751e8b465ee728b)  -> (artifact id: '33c3d1ea9b2da8019476fa7eaff7aa14') in 0.004526 seconds
  Import took 0.007055 seconds .

========================================================================
Received Import Request.
  Time since last request: 1.529481 seconds.
  path: Assets/_Scripts/PlayerController.cs
  artifactKey: Guid(6f89d287ddf34f14fb957ed603ebc408) Importer(815301076,1909f56bfc062723c751e8b465ee728b)
Start importing Assets/_Scripts/PlayerController.cs using Guid(6f89d287ddf34f14fb957ed603ebc408) Importer(815301076,1909f56bfc062723c751e8b465ee728b)  -> (artifact id: '33c3d1ea9b2da8019476fa7eaff7aa14') in 0.002305 seconds
  Import took 0.004738 seconds .

========================================================================
Received Prepare
Registering precompiled user dll's ...
Registered in 0.000593 seconds.
Begin MonoManager ReloadAssembly
Native extension for WindowsStandalone target not found
Native extension for WebGL target not found
Refreshing native plugins compatible for Editor in 0.29 ms, found 0 plugins.
Preloading 0 native plugins for Editor in 0.00 ms.
Invoked RoslynAnalysisRunner static constructor.
RoslynAnalysisRunner will not be running.
RoslynAnalysisRunner has terminated.
Mono: successfully reloaded assembly
- Completed reload, in  0.700 seconds
Platform modules already initialized, skipping
Refreshing native plugins compatible for Editor in 0.39 ms, found 0 plugins.
Preloading 0 native plugins for Editor in 0.00 ms.
Unloading 1536 Unused Serialized files (Serialized files now loaded: 0)
System memory in use before: 72.0 MB.
System memory in use after: 72.1 MB.

Unloading 5 unused Assets to reduce memory usage. Loaded Objects now: 1993.
Total: 2.301200 ms (FindLiveObjects: 0.526400 ms CreateObjectMapping: 0.040800 ms MarkObjects: 1.715400 ms  DeleteObjects: 0.015900 ms)

========================================================================
Received Import Request.
  Time since last request: 16.082285 seconds.
  path: Assets/_Scripts/PlayerController.cs
  artifactKey: Guid(6f89d287ddf34f14fb957ed603ebc408) Importer(815301076,1909f56bfc062723c751e8b465ee728b)
Start importing Assets/_Scripts/PlayerController.cs using Guid(6f89d287ddf34f14fb957ed603ebc408) Importer(815301076,1909f56bfc062723c751e8b465ee728b)  -> (artifact id: '55219a0a831524f6ece0f04e23eed1fd') in 0.005271 seconds
  Import took 0.007687 seconds .

========================================================================
Received Prepare
Registering precompiled user dll's ...
Registered in 0.000717 seconds.
Begin MonoManager ReloadAssembly
Native extension for WindowsStandalone target not found
Native extension for WebGL target not found
Refreshing native plugins compatible for Editor in 0.44 ms, found 0 plugins.
Preloading 0 native plugins for Editor in 0.00 ms.
Invoked RoslynAnalysisRunner static constructor.
RoslynAnalysisRunner will not be running.
RoslynAnalysisRunner has terminated.
Mono: successfully reloaded assembly
- Completed reload, in  0.673 seconds
Platform modules already initialized, skipping
Refreshing native plugins compatible for Editor in 0.27 ms, found 0 plugins.
Preloading 0 native plugins for Editor in 0.00 ms.
Unloading 1536 Unused Serialized files (Serialized files now loaded: 0)
System memory in use before: 72.1 MB.
System memory in use after: 72.2 MB.

Unloading 5 unused Assets to reduce memory usage. Loaded Objects now: 1995.
Total: 1.877900 ms (FindLiveObjects: 0.239300 ms CreateObjectMapping: 0.037100 ms MarkObjects: 1.585400 ms  DeleteObjects: 0.014400 ms)

========================================================================
Received Prepare
Refreshing native plugins compatible for Editor in 0.69 ms, found 0 plugins.
Preloading 0 native plugins for Editor in 0.00 ms.
Unloading 2 Unused Serialized files (Serialized files now loaded: 0)
System memory in use before: 41.8 MB.
System memory in use after: 41.9 MB.

Unloading 2 unused Assets to reduce memory usage. Loaded Objects now: 1995.
Total: 1.884900 ms (FindLiveObjects: 0.227900 ms CreateObjectMapping: 0.034500 ms MarkObjects: 1.604100 ms  DeleteObjects: 0.017300 ms)

========================================================================
Received Import Request.
  Time since last request: 44.601673 seconds.
  path: Assets/_Scenes/SampleScene.unity
  artifactKey: Guid(9fc0d4010bbf28b4594072e72b8655ab) Importer(815301076,1909f56bfc062723c751e8b465ee728b)
Start importing Assets/_Scenes/SampleScene.unity using Guid(9fc0d4010bbf28b4594072e72b8655ab) Importer(815301076,1909f56bfc062723c751e8b465ee728b)  -> (artifact id: '2dc01ad1051fb1d12505778bd8c06ae5') in 0.012300 seconds
  Import took 0.015040 seconds .

========================================================================
Received Prepare
Refreshing native plugins compatible for Editor in 0.68 ms, found 0 plugins.
Preloading 0 native plugins for Editor in 0.00 ms.
Unloading 2 Unused Serialized files (Serialized files now loaded: 0)
System memory in use before: 42.1 MB.
System memory in use after: 42.2 MB.

Unloading 2 unused Assets to reduce memory usage. Loaded Objects now: 1995.
Total: 2.045100 ms (FindLiveObjects: 0.206300 ms CreateObjectMapping: 0.035500 ms MarkObjects: 1.782900 ms  DeleteObjects: 0.019300 ms)

