Using pre-set license
Built from '2020.2/release' branch; Version is '2020.2.1f1 (270dd8c3da1c) revision 2559448'; Using compiler version '192528614'; Build Type 'Release'
OS: 'Windows 10  (10.0.0) 64bit' Language: 'en' Physical Memory: 16291 MB
BatchMode: 1, IsHumanControllingUs: 0, StartBugReporterOnCrash: 0, Is64bit: 1, IsPro: 0

 COMMAND LINE ARGUMENTS:
E:\Workspace\Unity\2020.2.1f1\Editor\Unity.exe
-adb2
-batchMode
-noUpm
-name
AssetImportWorker0
-projectPath
E:/Workspace/Unity/Projects/Arrowhead
-logFile
Logs/AssetImportWorker0.log
-srvPort
63926
Successfully changed project path to: E:/Workspace/Unity/Projects/Arrowhead
E:/Workspace/Unity/Projects/Arrowhead
Using Asset Import Pipeline V2.
Refreshing native plugins compatible for Editor in 22.80 ms, found 0 plugins.
Preloading 0 native plugins for Editor in 0.00 ms.
Initialize engine version: 2020.2.1f1 (270dd8c3da1c)
[Subsystems] Discovering subsystems at path E:/Workspace/Unity/2020.2.1f1/Editor/Data/Resources/UnitySubsystems
[Subsystems] Discovering subsystems at path E:/Workspace/Unity/Projects/Arrowhead/Assets
GfxDevice: creating device client; threaded=0
Direct3D:
    Version:  Direct3D 11.0 [level 11.1]
    Renderer: NVIDIA GeForce RTX 2070 SUPER (ID=0x1e84)
    Vendor:   
    VRAM:     8011 MB
    Driver:   27.21.14.6089
Initialize mono
Mono path[0] = 'E:/Workspace/Unity/2020.2.1f1/Editor/Data/Managed'
Mono path[1] = 'E:/Workspace/Unity/2020.2.1f1/Editor/Data/MonoBleedingEdge/lib/mono/unityjit'
Mono config path = 'E:/Workspace/Unity/2020.2.1f1/Editor/Data/MonoBleedingEdge/etc'
Using monoOptions --debugger-agent=transport=dt_socket,embedding=1,server=y,suspend=n,address=127.0.0.1:56104
Begin MonoManager ReloadAssembly
Registering precompiled unity dll's ...
Register platform support module: E:/Workspace/Unity/2020.2.1f1/Editor/Data/PlaybackEngines/WebGLSupport/UnityEditor.WebGL.Extensions.dll
Register platform support module: E:/Workspace/Unity/2020.2.1f1/Editor/Data/PlaybackEngines/WindowsStandaloneSupport/UnityEditor.WindowsStandalone.Extensions.dll
Registered in 0.001094 seconds.
Native extension for WindowsStandalone target not found
Native extension for WebGL target not found
Refreshing native plugins compatible for Editor in 23.57 ms, found 0 plugins.
Preloading 0 native plugins for Editor in 0.00 ms.
Invoked RoslynAnalysisRunner static constructor.
RoslynAnalysisRunner will not be running.
RoslynAnalysisRunner has terminated.
Mono: successfully reloaded assembly
- Completed reload, in  1.695 seconds
Platform modules already initialized, skipping
Registering precompiled user dll's ...
Registered in 0.000478 seconds.
Begin MonoManager ReloadAssembly
Native extension for WindowsStandalone target not found
Native extension for WebGL target not found
Refreshing native plugins compatible for Editor in 23.57 ms, found 0 plugins.
Preloading 0 native plugins for Editor in 0.00 ms.
Invoked RoslynAnalysisRunner static constructor.
RoslynAnalysisRunner will not be running.
RoslynAnalysisRunner has terminated.
Mono: successfully reloaded assembly
- Completed reload, in  0.695 seconds
Platform modules already initialized, skipping
========================================================================
Worker process is ready to serve import requests
Launched and connected shader compiler UnityShaderCompiler.exe after 0.03 seconds
Refreshing native plugins compatible for Editor in 0.24 ms, found 0 plugins.
Preloading 0 native plugins for Editor in 0.00 ms.
Unloading 1390 Unused Serialized files (Serialized files now loaded: 0)
System memory in use before: 66.7 MB.
System memory in use after: 66.7 MB.

Unloading 12 unused Assets to reduce memory usage. Loaded Objects now: 1833.
Total: 1.623000 ms (FindLiveObjects: 0.170200 ms CreateObjectMapping: 0.035600 ms MarkObjects: 1.363100 ms  DeleteObjects: 0.053300 ms)

========================================================================
Received Import Request.
  path: Assets/InputSystem.inputsettings.asset
  artifactKey: Guid(9fd8bf9a0fbc4d34baa1ca1785b70d97) Importer(815301076,1909f56bfc062723c751e8b465ee728b)
Start importing Assets/InputSystem.inputsettings.asset using Guid(9fd8bf9a0fbc4d34baa1ca1785b70d97) Importer(815301076,1909f56bfc062723c751e8b465ee728b)  -> (artifact id: '7cec5b7afc5f1455b2631e98d8973be7') in 0.032664 seconds
  Import took 0.034645 seconds .

========================================================================
Received Import Request.
  Time since last request: 23.553581 seconds.
  path: Assets/_Prefabs/Arrowhead.prefab
  artifactKey: Guid(4795e2b0c4acfaf4f93c80e7fd2ab3ba) Importer(815301076,1909f56bfc062723c751e8b465ee728b)
Start importing Assets/_Prefabs/Arrowhead.prefab using Guid(4795e2b0c4acfaf4f93c80e7fd2ab3ba) Importer(815301076,1909f56bfc062723c751e8b465ee728b)  -> (artifact id: 'd5bc7fcdab011a6503bc9aea911c62b7') in 0.073067 seconds
  Import took 0.075480 seconds .

========================================================================
Received Import Request.
  Time since last request: 34.597268 seconds.
  path: Assets/Input/PlayerControls.inputactions
  artifactKey: Guid(00bc1d39a9589d44cb6aaff863e5745b) Importer(815301076,1909f56bfc062723c751e8b465ee728b)
Start importing Assets/Input/PlayerControls.inputactions using Guid(00bc1d39a9589d44cb6aaff863e5745b) Importer(815301076,1909f56bfc062723c751e8b465ee728b)  -> (artifact id: 'f73a0b70a3762d1451c618314502fb9b') in 0.013006 seconds
  Import took 0.015200 seconds .

========================================================================
Received Import Request.
  Time since last request: 232.372804 seconds.
  path: Assets/Input/PlayerControls.inputactions
  artifactKey: Guid(00bc1d39a9589d44cb6aaff863e5745b) Importer(815301076,1909f56bfc062723c751e8b465ee728b)
Start importing Assets/Input/PlayerControls.inputactions using Guid(00bc1d39a9589d44cb6aaff863e5745b) Importer(815301076,1909f56bfc062723c751e8b465ee728b)  -> (artifact id: '67de7b0ce11541ee81b5b8cac2e3429a') in 0.005581 seconds
  Import took 0.007956 seconds .

========================================================================
Received Import Request.
  Time since last request: 30.812708 seconds.
  path: Assets/Input/New Controls.inputactions
  artifactKey: Guid(68379f8e25c9eef4fb0eec523ccc81bb) Importer(815301076,1909f56bfc062723c751e8b465ee728b)
Start importing Assets/Input/New Controls.inputactions using Guid(68379f8e25c9eef4fb0eec523ccc81bb) Importer(815301076,1909f56bfc062723c751e8b465ee728b)  -> (artifact id: '93de02a0aa0224efbb7accef25afe660') in 0.005768 seconds
  Import took 0.008000 seconds .

========================================================================
Received Import Request.
  Time since last request: 16.206107 seconds.
  path: Assets/Input/New Controls.inputactions
  artifactKey: Guid(68379f8e25c9eef4fb0eec523ccc81bb) Importer(815301076,1909f56bfc062723c751e8b465ee728b)
Start importing Assets/Input/New Controls.inputactions using Guid(68379f8e25c9eef4fb0eec523ccc81bb) Importer(815301076,1909f56bfc062723c751e8b465ee728b)  -> (artifact id: '5324f4ecb34a590867c52dc08b9b18d7') in 0.002901 seconds
  Import took 0.005126 seconds .

========================================================================
Received Import Request.
  Time since last request: 247.103262 seconds.
  path: Assets/Input/New Controls.inputactions
  artifactKey: Guid(68379f8e25c9eef4fb0eec523ccc81bb) Importer(815301076,1909f56bfc062723c751e8b465ee728b)
Start importing Assets/Input/New Controls.inputactions using Guid(68379f8e25c9eef4fb0eec523ccc81bb) Importer(815301076,1909f56bfc062723c751e8b465ee728b)  -> (artifact id: '26c75ada9875285fee6cc8ce51a4f023') in 0.003519 seconds
  Import took 0.006058 seconds .

========================================================================
Received Import Request.
  Time since last request: 3.600161 seconds.
  path: Assets/Input/Player Controls.inputactions
  artifactKey: Guid(68379f8e25c9eef4fb0eec523ccc81bb) Importer(815301076,1909f56bfc062723c751e8b465ee728b)
Start importing Assets/Input/Player Controls.inputactions using Guid(68379f8e25c9eef4fb0eec523ccc81bb) Importer(815301076,1909f56bfc062723c751e8b465ee728b)  -> (artifact id: '0c7904af97bb2d77a664114b93cbb956') in 0.006328 seconds
  Import took 0.008568 seconds .

AssetImportWorkerClient::OnTransportError - code=2 error=End of file
